{"logTime": "0503/061540", "correlationVector":"amH0pOW/U6GTaDonJRVopK.1","action":"SyncServerConnectionManagerRequest", "result":"SYNC_SERVER_OK", "context":{"environment":"Prod_southindia_prod-s01-004-apac-southindia", "migrationStage":"NotStarted", "server":"akswtt01200001k"}}
{"logTime": "0503/061540", "correlationVector":"amH0pOW/U6GTaDonJRVopK.2","action":"ProcessGetUpdates", "result":"Done", "context":{"dataType":"Encryption Keys", "deleted":"0", "process_failed_to_decrypt":"0", "process_pending_decryption":"0", "process_success":"1", "total":"1"}}
{"logTime": "0503/061541", "correlationVector":"Fxz1FOXfVLCNW03hhprVX4","action":"SyncServerConnectionManagerRequest", "result":"SYNC_SERVER_OK", "context":{"environment":"", "migrationStage":"", "server":""}}
{"logTime": "0503/061541", "correlationVector":"Fxz1FOXfVLCNW03hhprVX4.0","action":"EncryptionKeysFetcher.DownloadKeys:", "result":"Success", "context":Key count: 1, Last key timestamp: 2025-03-03T13:25:44Z}
{"logTime": "0503/061541", "correlationVector":"Fxz1FOXfVLCNW03hhprVX4.1","action":"EncryptionKeysManager::SetEncryptionKeys:", "result":"Success", "context":Key names[1]:[L9uXLLoxIUQznja0jc6smBhpTDASGmfk6f8rTJNjtjRu1ZH+yVYVR3HpTq9uwAvrQpSL4xUFuCPww/Mph9jJFg==]}
{"logTime": "0503/061541", "correlationVector":"Fxz1FOXfVLCNW03hhprVX4.2","action":"EncryptionKeysManager::SetEncryptionKeysWithTimestamps:", "result":"Success", "context":Key timestamps[1]:[2025-03-03T13:25:44Z]}
{"logTime": "0503/061541", "correlationVector":"amH0pOW/U6GTaDonJRVopK","action":"Initial GetUpdates", "result":"", "context":Reason: NEW_CLIENT. cV=amH0pOW/U6GTaDonJRVopK}
{"logTime": "0503/061541", "correlationVector":"amH0pOW/U6GTaDonJRVopK.3","action":"GetUpdates Response", "result":"Success", "context":Received 1 update(s). cV=amH0pOW/U6GTaDonJRVopK.0;server=akswtt01200001k;cloudType=Consumer;environment=Prod_southindia_prod-s01-004-apac-southindia;migrationStage=NotStarted}
{"logTime": "0503/061541", "correlationVector":"voKkZfxHZXADTLsD+v6WRK","action":"Initial GetUpdates", "result":"", "context":Reason: NEWLY_SUPPORTED_DATATYPE. cV=voKkZfxHZXADTLsD+v6WRK}
{"logTime": "0503/061541", "correlationVector":"voKkZfxHZXADTLsD+v6WRK.1","action":"SyncServerConnectionManagerRequest", "result":"SYNC_SERVER_OK", "context":{"environment":"Prod_southindia_prod-s01-004-apac-southindia", "migrationStage":"NotStarted", "server":"akswtt01200001k"}}
{"logTime": "0503/061541", "correlationVector":"voKkZfxHZXADTLsD+v6WRK.2","action":"ProcessGetUpdates", "result":"Done", "context":{"dataType":"Preferences", "deleted":"0", "process_failed_to_decrypt":"0", "process_pending_decryption":"0", "process_success":"32", "total":"32"}}
{"logTime": "0503/061541", "correlationVector":"voKkZfxHZXADTLsD+v6WRK.3","action":"ProcessGetUpdates", "result":"Done", "context":{"dataType":"Device Info", "deleted":"0", "process_failed_to_decrypt":"0", "process_pending_decryption":"0", "process_success":"1", "total":"1"}}
{"logTime": "0503/061541", "correlationVector":"voKkZfxHZXADTLsD+v6WRK.4","action":"GetUpdates Response", "result":"Success", "context":Received 33 update(s). cV=voKkZfxHZXADTLsD+v6WRK.0;server=akswtt01200001k;cloudType=Consumer;environment=Prod_southindia_prod-s01-004-apac-southindia;migrationStage=NotStarted}
{"logTime": "0503/061541", "correlationVector":"iD3N5lYaOMcbUolvTxk7B2","action":"Initial GetUpdates", "result":"", "context":Reason: NEWLY_SUPPORTED_DATATYPE. cV=iD3N5lYaOMcbUolvTxk7B2}
{"logTime": "0503/061542", "correlationVector":"iD3N5lYaOMcbUolvTxk7B2.1","action":"SyncServerConnectionManagerRequest", "result":"SYNC_SERVER_OK", "context":{"environment":"Prod_southindia_prod-s01-004-apac-southindia", "migrationStage":"NotStarted", "server":"akswtt012000008"}}
{"logTime": "0503/061542", "correlationVector":"iD3N5lYaOMcbUolvTxk7B2.2","action":"ProcessGetUpdates", "result":"Done", "context":{"dataType":"Bookmarks", "deleted":"0", "process_failed_to_decrypt":"0", "process_pending_decryption":"0", "process_success":"5", "total":"5"}}
{"logTime": "0503/061542", "correlationVector":"iD3N5lYaOMcbUolvTxk7B2.3","action":"GetUpdates Response", "result":"Success", "context":Received 5 update(s). cV=iD3N5lYaOMcbUolvTxk7B2.0;server=akswtt012000008;cloudType=Consumer;environment=Prod_southindia_prod-s01-004-apac-southindia;migrationStage=NotStarted}
{"logTime": "0503/061542", "correlationVector":"UDNdsiqhNzWQgQQy1BfnlI","action":"Initial GetUpdates", "result":"", "context":Reason: NEWLY_SUPPORTED_DATATYPE. cV=UDNdsiqhNzWQgQQy1BfnlI}
{"logTime": "0503/061542", "correlationVector":"UDNdsiqhNzWQgQQy1BfnlI.1","action":"SyncServerConnectionManagerRequest", "result":"SYNC_SERVER_OK", "context":{"environment":"Prod_southindia_prod-s01-004-apac-southindia", "migrationStage":"NotStarted", "server":"akswtt01200002g"}}
{"logTime": "0503/061542", "correlationVector":"UDNdsiqhNzWQgQQy1BfnlI.2","action":"ProcessGetUpdates", "result":"Done", "context":{"dataType":"Autofill", "deleted":"0", "process_failed_to_decrypt":"0", "process_pending_decryption":"0", "process_success":"1", "total":"1"}}
{"logTime": "0503/061542", "correlationVector":"UDNdsiqhNzWQgQQy1BfnlI.3","action":"ProcessGetUpdates", "result":"Done", "context":{"dataType":"Sessions", "deleted":"1", "process_failed_to_decrypt":"0", "process_pending_decryption":"0", "process_success":"1", "total":"1"}}
{"logTime": "0503/061542", "correlationVector":"UDNdsiqhNzWQgQQy1BfnlI.4","action":"ProcessGetUpdates", "result":"Done", "context":{"dataType":"Edge Hub App Usage", "deleted":"0", "process_failed_to_decrypt":"0", "process_pending_decryption":"0", "process_success":"1", "total":"1"}}
{"logTime": "0503/061542", "correlationVector":"UDNdsiqhNzWQgQQy1BfnlI.5","action":"GetUpdates Response", "result":"Success", "context":Received 3 update(s). cV=UDNdsiqhNzWQgQQy1BfnlI.0;server=akswtt01200002g;cloudType=Consumer;environment=Prod_southindia_prod-s01-004-apac-southindia;migrationStage=NotStarted}
{"logTime": "0503/061542", "correlationVector":"pkL7Z0nn342Ztvgr9TDMBm","action":"Initial GetUpdates", "result":"", "context":Reason: NEWLY_SUPPORTED_DATATYPE. cV=pkL7Z0nn342Ztvgr9TDMBm}
{"logTime": "0503/061542", "correlationVector":"pkL7Z0nn342Ztvgr9TDMBm.1","action":"SyncServerConnectionManagerRequest", "result":"SYNC_SERVER_OK", "context":{"environment":"Prod_southindia_prod-s01-004-apac-southindia", "migrationStage":"NotStarted", "server":"akswtt012000019"}}
{"logTime": "0503/061542", "correlationVector":"pkL7Z0nn342Ztvgr9TDMBm.2","action":"GetUpdates Response", "result":"Success", "context":Received 0 update(s). cV=pkL7Z0nn342Ztvgr9TDMBm.0;server=akswtt012000019;cloudType=Consumer;environment=Prod_southindia_prod-s01-004-apac-southindia;migrationStage=NotStarted}
{"logTime": "0503/061542", "correlationVector":"6DO6mZVvTjQppNbRgTQMdu","action":"Normal GetUpdate request", "result":"", "context":cV=6DO6mZVvTjQppNbRgTQMdu
Nudged types: Preferences, Sessions, Device Info, User Consents
Refresh requested types: Bookmarks, Preferences, Passwords, Autofill Profiles, Autofill, Extensions, Sessions, Extension settings, History Delete Directives, Device Info, User Consents, Send Tab To Self, Web Apps, History, Saved Tab Group, Collection, Edge E Drop, Edge Hub App Usage, Edge Tab Group, Edge Wallet, Encryption Keys}
{"logTime": "0503/061543", "correlationVector":"6DO6mZVvTjQppNbRgTQMdu.1","action":"SyncServerConnectionManagerRequest", "result":"SYNC_SERVER_OK", "context":{"environment":"Prod_southindia_prod-s01-004-apac-southindia", "migrationStage":"NotStarted", "server":"akswtt01200001v"}}
{"logTime": "0503/061543", "correlationVector":"6DO6mZVvTjQppNbRgTQMdu.2","action":"GetUpdates Response", "result":"Success", "context":Received 0 update(s). cV=6DO6mZVvTjQppNbRgTQMdu.0;server=akswtt01200001v;cloudType=Consumer;environment=Prod_southindia_prod-s01-004-apac-southindia;migrationStage=NotStarted}
{"logTime": "0503/061543", "correlationVector":"f5LRj9o/g5hhVcagqtT9mO","action":"Commit Request", "result":"", "context":Item count: 7
Contributing types: Preferences, Sessions, Device Info, User Consents, History}
{"logTime": "0503/061544", "correlationVector":"f5LRj9o/g5hhVcagqtT9mO.1","action":"SyncServerConnectionManagerRequest", "result":"SYNC_SERVER_OK", "context":{"environment":"Prod_southindia_prod-s01-004-apac-southindia", "migrationStage":"NotStarted", "server":"akswtt012000008"}}
{"logTime": "0503/061544", "correlationVector":"f5LRj9o/g5hhVcagqtT9mO.2","action":"Commit Response", "result":"Success", "context":Result: Success. cV=f5LRj9o/g5hhVcagqtT9mO.0;server=akswtt012000008;cloudType=Consumer;environment=Prod_southindia_prod-s01-004-apac-southindia;migrationStage=NotStarted}
{"logTime": "0503/061550", "correlationVector":"SgVsZOPFsgD0ZWH5RZhxqc","action":"Commit Request", "result":"", "context":Item count: 1
Contributing types: Edge Hub App Usage}
{"logTime": "0503/061551", "correlationVector":"SgVsZOPFsgD0ZWH5RZhxqc.1","action":"SyncServerConnectionManagerRequest", "result":"SYNC_SERVER_OK", "context":{"environment":"Prod_southindia_prod-s01-004-apac-southindia", "migrationStage":"NotStarted", "server":"akswtt01200001k"}}
{"logTime": "0503/061551", "correlationVector":"SgVsZOPFsgD0ZWH5RZhxqc.2","action":"Commit Response", "result":"Success", "context":Result: Success. cV=SgVsZOPFsgD0ZWH5RZhxqc.0;server=akswtt01200001k;cloudType=Consumer;environment=Prod_southindia_prod-s01-004-apac-southindia;migrationStage=NotStarted}
{"logTime": "0503/061555", "correlationVector":"pwARdxQ2BSf/fwhevVlvue","action":"Commit Request", "result":"", "context":Item count: 1
Contributing types: Edge Hub App Usage}
{"logTime": "0503/061555", "correlationVector":"pwARdxQ2BSf/fwhevVlvue.1","action":"SyncServerConnectionManagerRequest", "result":"SYNC_SERVER_OK", "context":{"environment":"Prod_southindia_prod-s01-004-apac-southindia", "migrationStage":"NotStarted", "server":"akswtt01200000n"}}
{"logTime": "0503/061555", "correlationVector":"pwARdxQ2BSf/fwhevVlvue.2","action":"Commit Response", "result":"Success", "context":Result: Success. cV=pwARdxQ2BSf/fwhevVlvue.0;server=akswtt01200000n;cloudType=Consumer;environment=Prod_southindia_prod-s01-004-apac-southindia;migrationStage=NotStarted}
{"logTime": "0503/061601", "correlationVector":"SZT70DcHyA5xLb/6jtqcmG","action":"Commit Request", "result":"", "context":Item count: 2
Contributing types: User Consents, History}
{"logTime": "0503/061602", "correlationVector":"SZT70DcHyA5xLb/6jtqcmG.1","action":"SyncServerConnectionManagerRequest", "result":"SYNC_SERVER_OK", "context":{"environment":"Prod_southindia_prod-s01-004-apac-southindia", "migrationStage":"NotStarted", "server":"akswtt01200002j"}}
{"logTime": "0503/061602", "correlationVector":"SZT70DcHyA5xLb/6jtqcmG.2","action":"Commit Response", "result":"Success", "context":Result: Success. cV=SZT70DcHyA5xLb/6jtqcmG.0;server=akswtt01200002j;cloudType=Consumer;environment=Prod_southindia_prod-s01-004-apac-southindia;migrationStage=NotStarted}
{"logTime": "0503/061615", "correlationVector":"EYjvTm+apehpFX45Cmt8pQ","action":"Commit Request", "result":"", "context":Item count: 1
Contributing types: Preferences}
{"logTime": "0503/061616", "correlationVector":"EYjvTm+apehpFX45Cmt8pQ.1","action":"SyncServerConnectionManagerRequest", "result":"SYNC_SERVER_OK", "context":{"environment":"Prod_southindia_prod-s01-004-apac-southindia", "migrationStage":"NotStarted", "server":"akswtt012000023"}}
{"logTime": "0503/061616", "correlationVector":"EYjvTm+apehpFX45Cmt8pQ.2","action":"Commit Response", "result":"Success", "context":Result: Success. cV=EYjvTm+apehpFX45Cmt8pQ.0;server=akswtt012000023;cloudType=Consumer;environment=Prod_southindia_prod-s01-004-apac-southindia;migrationStage=NotStarted}
{"logTime": "0503/061620", "correlationVector":"TT6YnkETZJS/tit5Kw0dvS","action":"Commit Request", "result":"", "context":Item count: 3
Contributing types: Preferences, Sessions}
{"logTime": "0503/061621", "correlationVector":"TT6YnkETZJS/tit5Kw0dvS.1","action":"SyncServerConnectionManagerRequest", "result":"SYNC_SERVER_OK", "context":{"environment":"Prod_southindia_prod-s01-004-apac-southindia", "migrationStage":"NotStarted", "server":"akswtt01200001k"}}
{"logTime": "0503/061621", "correlationVector":"TT6YnkETZJS/tit5Kw0dvS.2","action":"Commit Response", "result":"Success", "context":Result: Success. cV=TT6YnkETZJS/tit5Kw0dvS.0;server=akswtt01200001k;cloudType=Consumer;environment=Prod_southindia_prod-s01-004-apac-southindia;migrationStage=NotStarted}
{"logTime": "0503/061721", "correlationVector":"V7KJNHqzewKVkU4M7p8X40","action":"Commit Request", "result":"", "context":Item count: 4
Contributing types: Sessions, History}
{"logTime": "0503/061722", "correlationVector":"V7KJNHqzewKVkU4M7p8X40.1","action":"SyncServerConnectionManagerRequest", "result":"SYNC_SERVER_OK", "context":{"environment":"Prod_southindia_prod-s01-004-apac-southindia", "migrationStage":"NotStarted", "server":"akswtt01200000s"}}
{"logTime": "0503/061722", "correlationVector":"V7KJNHqzewKVkU4M7p8X40.2","action":"Commit Response", "result":"Success", "context":Result: Success. cV=V7KJNHqzewKVkU4M7p8X40.0;server=akswtt01200000s;cloudType=Consumer;environment=Prod_southindia_prod-s01-004-apac-southindia;migrationStage=NotStarted}
{"logTime": "0503/062144", "correlationVector":"MLVe84SNxPsRrhk83vZfN6","action":"Commit Request", "result":"", "context":Item count: 4
Contributing types: Sessions, History}
{"logTime": "0503/062145", "correlationVector":"MLVe84SNxPsRrhk83vZfN6.1","action":"SyncServerConnectionManagerRequest", "result":"SYNC_SERVER_OK", "context":{"environment":"Prod_southindia_prod-s01-004-apac-southindia", "migrationStage":"NotStarted", "server":"akswtt01200001j"}}
{"logTime": "0503/062145", "correlationVector":"MLVe84SNxPsRrhk83vZfN6.2","action":"Commit Response", "result":"Success", "context":Result: Success. cV=MLVe84SNxPsRrhk83vZfN6.0;server=akswtt01200001j;cloudType=Consumer;environment=Prod_southindia_prod-s01-004-apac-southindia;migrationStage=NotStarted}
{"logTime": "0503/062145", "correlationVector":"MLVe84SNxPsRrhk83vZfN6.3","action":"Commit.Sessions", "result":"Success", "context":{"id":"3b55e1f0-d65d-4caa-b138-b86bb99a6a93", "isDeleted":"true", "size":"0", "version":"1746253036537"}}
{"logTime": "0503/062324", "correlationVector":"xY+5imWr72T0DQu3TCcmcd","action":"Commit Request", "result":"", "context":Item count: 7
Contributing types: Sessions, History}
{"logTime": "0503/062325", "correlationVector":"xY+5imWr72T0DQu3TCcmcd.1","action":"SyncServerConnectionManagerRequest", "result":"SYNC_SERVER_OK", "context":{"environment":"Prod_southindia_prod-s01-004-apac-southindia", "migrationStage":"NotStarted", "server":"akswtt01200002t"}}
{"logTime": "0503/062325", "correlationVector":"xY+5imWr72T0DQu3TCcmcd.2","action":"Commit Response", "result":"Success", "context":Result: Success. cV=xY+5imWr72T0DQu3TCcmcd.0;server=akswtt01200002t;cloudType=Consumer;environment=Prod_southindia_prod-s01-004-apac-southindia;migrationStage=NotStarted}
{"logTime": "0503/062508", "correlationVector":"mIE4EPCRRikO/JDL5+bpSZ","action":"Commit Request", "result":"", "context":Item count: 3
Contributing types: Sessions, History}
{"logTime": "0503/062508", "correlationVector":"mIE4EPCRRikO/JDL5+bpSZ.1","action":"SyncServerConnectionManagerRequest", "result":"SYNC_SERVER_OK", "context":{"environment":"Prod_southindia_prod-s01-004-apac-southindia", "migrationStage":"NotStarted", "server":"akswtt01200000s"}}
{"logTime": "0503/062508", "correlationVector":"mIE4EPCRRikO/JDL5+bpSZ.2","action":"Commit Response", "result":"Success", "context":Result: Success. cV=mIE4EPCRRikO/JDL5+bpSZ.0;server=akswtt01200000s;cloudType=Consumer;environment=Prod_southindia_prod-s01-004-apac-southindia;migrationStage=NotStarted}
